#
# A fatal error has been detected by the Java Runtime Environment:
#
#  EXCEPTION_ACCESS_VIOLATION (0xc0000005) at pc=0x00007ff9a0dfbd20, pid=20412, tid=6656
#
# JRE version: OpenJDK Runtime Environment Temurin-21.0.7+6 (21.0.7+6) (build 21.0.7+6-LTS)
# Java VM: OpenJDK 64-Bit Server VM Temurin-21.0.7+6 (21.0.7+6-LTS, mixed mode, sharing, tiered, compressed oops, compressed class ptrs, g1 gc, windows-amd64)
# Problematic frame:
# C  [nvoglv64.dll+0xbdbd20]
#
# No core dump will be written. Minidumps are not enabled by default on client versions of Windows
#
# If you would like to submit a bug report, please visit:
#   https://github.com/adoptium/adoptium-support/issues
# The crash happened outside the Java Virtual Machine in native code.
# See problematic frame for where to report the bug.
#

---------------  S U M M A R Y ------------

Command Line: -XX:+ShowCodeDetailsInExceptionMessages -agentlib:jdwp=transport=dt_socket,suspend=y,address=localhost:54775 -Djava.library.path=C:\Users\taman\Downloads\lwjgl\lwjgl-glfw;C:\Users\taman\Downloads\lwjgl\lwjgl;C:\Users\taman\Downloads\lwjgl\lwjgl-opengl -javaagent:C:\Users\taman\eclipse\java-2025-06\eclipse\configuration\org.eclipse.osgi\250\0\.cp\lib\javaagent-shaded.jar -Dfile.encoding=UTF-8 -Dstdout.encoding=UTF-8 -Dstderr.encoding=UTF-8 com.thecherno.flappy.Main

Host: 12th Gen Intel(R) Core(TM) i5-12450HX, 12 cores, 11G,  Windows 11 , 64 bit Build 26100 (10.0.26100.5074)
Time: Tue Sep 23 13:40:43 2025 SE Asia Standard Time elapsed time: 2.154418 seconds (0d 0h 0m 2s)

---------------  T H R E A D  ---------------

Current thread (0x0000020efe4ab020):  JavaThread "Game"             [_thread_in_native, id=6656, stack(0x0000007f43f00000,0x0000007f44000000) (1024K)]

Stack: [0x0000007f43f00000,0x0000007f44000000],  sp=0x0000007f43ffeec0,  free space=1019k
Native frames: (J=compiled Java code, j=interpreted, Vv=VM code, C=native code)
C  [nvoglv64.dll+0xbdbd20]

Java frames: (J=compiled Java code, j=interpreted, Vv=VM code)
j  org.lwjgl.opengl.GL11C.nglDrawElements(IIIJ)V+0
j  org.lwjgl.opengl.GL11C.glDrawElements(IIIJ)V+4
j  org.lwjgl.opengl.GL11.glDrawElements(IIIJ)V+4
j  com.thecherno.flappy.graphics.Renderer.draw(Lcom/thecherno/flappy/graphics/IVertexArray;)V+17
j  com.thecherno.flappy.level.Background.render(FI)V+124
j  com.thecherno.flappy.level.Level.render()V+15
j  com.thecherno.flappy.Main.render()V+10
j  com.thecherno.flappy.Main.run()V+66
j  java.lang.Thread.runWith(Ljava/lang/Object;Ljava/lang/Runnable;)V+5 java.base@21.0.7
j  java.lang.Thread.run()V+19 java.base@21.0.7
v  ~StubRoutines::call_stub 0x0000020eef53100d

siginfo: EXCEPTION_ACCESS_VIOLATION (0xc0000005), reading address 0x0000000000000000


Registers:
RAX=0x000000006003057c, RBX=0x0000020ec51f3228, RCX=0x0000020ec51f3244, RDX=0x0000000000000008
RSP=0x0000007f43ffeec0, RBP=0x0000000000000003, RSI=0x0000000000000000, RDI=0x0000000000000000
R8 =0x0000020efe93d710, R9 =0x0000000000000006, R10=0x0000000000000000, R11=0x0000020efe94eee4
R12=0x000000000000064b, R13=0x0000020ec70a0000, R14=0x0000000000000000, R15=0x0000000000000000
RIP=0x00007ff9a0dfbd20, EFLAGS=0x0000000000010246

XMM[0]=0x0000000000c00000 0x0000000000000000
XMM[1]=0x0000000000000000 0x00c0000000000000
XMM[2]=0x0000000000000000 0x0000000000c00000
XMM[3]=0x000fc00000000000 0x0000000000007918
XMM[4]=0xa29898ec3bafc90d 0xb9558a44701eba4f
XMM[5]=0x0000000000000000 0x0000000000000000
XMM[6]=0x0000000000000000 0x0000000000000000
XMM[7]=0x0000000000000000 0x0000000000000000
XMM[8]=0x0000000000000000 0x0b3c73a1e1caaeca
XMM[9]=0x0000000000000000 0x483b58ad081b993f
XMM[10]=0x0000000000000000 0x00000000bfe04092
XMM[11]=0x0000000000000000 0xae5eba6db67a53ac
XMM[12]=0x0000000000000000 0x00000000081b993f
XMM[13]=0x0000000000000000 0x0000000000000000
XMM[14]=0x0000000000000000 0x0000000000000000
XMM[15]=0x0000000000000000 0x0000000000000000
  MXCSR=0x00001fa0


Register to memory mapping:

RAX=0x000000006003057c is an unknown value
RBX=0x0000020ec51f3228 points into unknown readable memory: 0x0000000000000000 | 00 00 00 00 00 00 00 00
RCX=0x0000020ec51f3244 points into unknown readable memory: 00 00 00 00
RDX=0x0000000000000008 is an unknown value
RSP=0x0000007f43ffeec0 is pointing into the stack for thread: 0x0000020efe4ab020
RBP=0x0000000000000003 is an unknown value
RSI=0x0 is null
RDI=0x0 is null
R8 =0x0000020efe93d710 points into unknown readable memory: 0x0000000000002000 | 00 20 00 00 00 00 00 00
R9 =0x0000000000000006 is an unknown value
R10=0x0 is null
R11=0x0000020efe94eee4 points into unknown readable memory: 40 00 40 3a
R12=0x000000000000064b is an unknown value
R13=0x0000020ec70a0000 points into unknown readable memory: 0x0000020efea7db90 | 90 db a7 fe 0e 02 00 00
R14=0x0 is null
R15=0x0 is null

Top of Stack: (sp=0x0000007f43ffeec0)
0x0000007f43ffeec0:   0000020efe93d710 0000020ec70a0000
0x0000007f43ffeed0:   0000007f43ffef70 00007ff9a06acce7
0x0000007f43ffeee0:   0000020ec9ff3968 0000000000000000
0x0000007f43ffeef0:   0000020ec161c700 0000000000000004
0x0000007f43ffef00:   0000020ec711efcc 00007ff9a0df1ac2
0x0000007f43ffef10:   0000000000000006 0000000000000000
0x0000007f43ffef20:   0000020ec70a0000 0000020ec70ec250
0x0000007f43ffef30:   0000000000000000 00007ff900000000
0x0000007f43ffef40:   0000000000000001 0000000000000000
0x0000007f43ffef50:   0000020e00000000 00000000a06accbd
0x0000007f43ffef60:   0000020efe93d710 0000020efe93d710
0x0000007f43ffef70:   00007ff9a08402e0 0000000000000010
0x0000007f43ffef80:   0000000000000006 00007ff9a0dc52f2
0x0000007f43ffef90:   0000020ec70a0000 0000020efe970c20
0x0000007f43ffefa0:   0000020ec70a0228 0000020ec70a0228
0x0000007f43ffefb0:   0000000000000002 0000020ec70ec250
0x0000007f43ffefc0:   0000020ec70a0000 00007ff9a0dbf316
0x0000007f43ffefd0:   0000020efe93d710 0000000000000001
0x0000007f43ffefe0:   0000000000000006 0000020efe93d710
0x0000007f43ffeff0:   0000020efea7db90 0000020ec70f8378
0x0000007f43fff000:   4a02d7b71359d1a3 459709eac466d69d
0x0000007f43fff010:   99703030855c99fc 134e04502df76936
0x0000007f43fff020:   76bef1a8047d1c13 3bfadb02bbe99d81
0x0000007f43fff030:   d3ffc5dfc85ae250 f03fe2104836ac15
0x0000007f43fff040:   db7eb34cb8e9defb 1ab3413a635a17c9
0x0000007f43fff050:   e47c533349bbe080 1e653ef5e17781b6
0x0000007f43fff060:   0000000000000001 0000020efe93d710
0x0000007f43fff070:   0000000000000001 0000000000000010
0x0000007f43fff080:   0000020ec161c7b0 0000000000000000
0x0000007f43fff090:   0000000000000004 0000020ec70a0000
0x0000007f43fff0a0:   0000000000001401 00007ff9a099a4c9
0x0000007f43fff0b0:   0000000000000001 0000020ec70a0000 

Instructions: (pc=0x00007ff9a0dfbd20)
0x00007ff9a0dfbc20:   00 00 72 28 45 33 c0 48 89 99 80 00 00 00 49 8b
0x00007ff9a0dfbc30:   8d 30 c2 04 00 41 8d 50 0a e8 c2 15 f7 ff 49 8b
0x00007ff9a0dfbc40:   9d 30 c2 04 00 48 8b 9b 80 00 00 00 41 83 bd c8
0x00007ff9a0dfbc50:   ef 07 00 00 74 19 b8 64 0e 01 00 0f ba e8 1d 89
0x00007ff9a0dfbc60:   03 41 8b 85 c8 ef 07 00 89 43 04 48 83 c3 08 b8
0x00007ff9a0dfbc70:   86 05 01 00 89 6b 04 0f ba e8 1d 41 bc 7a 05 01
0x00007ff9a0dfbc80:   00 89 03 48 83 c3 08 41 f6 c6 01 74 1b 41 8b c4
0x00007ff9a0dfbc90:   0f ba e8 1d 89 03 0f b6 07 48 ff c7 03 c6 89 43
0x00007ff9a0dfbca0:   04 48 83 c3 08 41 ff ce 41 d1 fe bd 4b 06 00 00
0x00007ff9a0dfbcb0:   0f 84 9d 00 00 00 44 8b e5 0f 1f 80 00 00 00 00
0x00007ff9a0dfbcc0:   4d 8b 85 30 c2 04 00 45 3b f4 41 8b ee 41 0f 4f
0x00007ff9a0dfbcd0:   ec 8d 55 05 48 63 c2 48 8d 0c 83 49 3b 88 88 00
0x00007ff9a0dfbce0:   00 00 72 24 49 89 98 80 00 00 00 45 33 c0 49 8b
0x00007ff9a0dfbcf0:   8d 30 c2 04 00 e8 06 15 f7 ff 49 8b 9d 30 c2 04
0x00007ff9a0dfbd00:   00 48 8b 9b 80 00 00 00 8b c5 25 ff 1f 00 00 c1
0x00007ff9a0dfbd10:   e0 10 0d 7c 05 00 60 89 03 48 83 c3 04 44 2b f5
0x00007ff9a0dfbd20:   0f b6 07 66 03 c6 66 89 03 0f b6 47 01 48 83 c7
0x00007ff9a0dfbd30:   02 66 03 c6 66 89 43 02 48 83 c3 04 83 ed 01 75
0x00007ff9a0dfbd40:   df 45 85 f6 0f 85 76 ff ff ff 41 8b ec 41 bc 7a
0x00007ff9a0dfbd50:   05 01 00 4c 8b 74 24 28 41 f6 c7 01 74 12 41 0f
0x00007ff9a0dfbd60:   ba ec 1d 89 73 04 44 89 23 48 83 c3 08 41 ff cf
0x00007ff9a0dfbd70:   41 d1 ff 4c 8b 64 24 38 74 7b 66 0f 1f 44 00 00
0x00007ff9a0dfbd80:   4d 8b 85 30 c2 04 00 44 3b fd 41 8b ff 0f 4f fd
0x00007ff9a0dfbd90:   8d 57 05 48 63 c2 48 8d 0c 83 49 3b 88 88 00 00
0x00007ff9a0dfbda0:   00 72 24 49 89 98 80 00 00 00 45 33 c0 49 8b 8d
0x00007ff9a0dfbdb0:   30 c2 04 00 e8 47 14 f7 ff 49 8b 9d 30 c2 04 00
0x00007ff9a0dfbdc0:   48 8b 9b 80 00 00 00 8b c7 25 ff 1f 00 00 c1 e0
0x00007ff9a0dfbdd0:   10 0d 7c 05 00 60 89 03 48 83 c3 04 44 2b ff 90
0x00007ff9a0dfbde0:   66 89 33 66 89 73 02 48 83 c3 04 83 ef 01 75 f0
0x00007ff9a0dfbdf0:   45 85 ff 75 8b 4c 8b 7c 24 20 b8 2a 0d 01 00 48
0x00007ff9a0dfbe00:   8b 7c 24 60 0f ba e8 1d 48 8b 74 24 58 48 8b 6c
0x00007ff9a0dfbe10:   24 50 89 43 04 c7 03 85 05 00 80 c7 43 08 00 00 


Stack slot to memory mapping:

stack at sp + 0 slots: 0x0000020efe93d710 points into unknown readable memory: 0x0000000000002000 | 00 20 00 00 00 00 00 00
stack at sp + 1 slots: 0x0000020ec70a0000 points into unknown readable memory: 0x0000020efea7db90 | 90 db a7 fe 0e 02 00 00
stack at sp + 2 slots: 0x0000007f43ffef70 is pointing into the stack for thread: 0x0000020efe4ab020
stack at sp + 3 slots: 0x00007ff9a06acce7 nvoglv64.dll
stack at sp + 4 slots: 0x0000020ec9ff3968 points into unknown readable memory: 0x0000000000000000 | 00 00 00 00 00 00 00 00
stack at sp + 5 slots: 0x0 is null
stack at sp + 6 slots: 0x0000020ec161c700 is pointing into metadata
stack at sp + 7 slots: 0x0000000000000004 is an unknown value


---------------  P R O C E S S  ---------------

Threads class SMR info:
_java_thread_list=0x0000020ec9b154d0, length=17, elements={
0x0000020efdc809c0, 0x0000020efdc81610, 0x0000020efdc889b0, 0x0000020efdc8b770,
0x0000020efdc8c1c0, 0x0000020efdc95c30, 0x0000020efdc96ae0, 0x0000020efdcc2410,
0x0000020efdc4f110, 0x0000020efdea6080, 0x0000020efdfc1a30, 0x0000020efdf13a90,
0x0000020efe4986f0, 0x0000020efe4ab020, 0x0000020ee2254840, 0x0000020ec9691180,
0x0000020ec9b23990
}

Java Threads: ( => current thread )
  0x0000020efdc809c0 JavaThread "Reference Handler"          daemon [_thread_blocked, id=12704, stack(0x0000007f43200000,0x0000007f43300000) (1024K)]
  0x0000020efdc81610 JavaThread "Finalizer"                  daemon [_thread_blocked, id=19284, stack(0x0000007f43300000,0x0000007f43400000) (1024K)]
  0x0000020efdc889b0 JavaThread "Signal Dispatcher"          daemon [_thread_blocked, id=6344, stack(0x0000007f43400000,0x0000007f43500000) (1024K)]
  0x0000020efdc8b770 JavaThread "Attach Listener"            daemon [_thread_blocked, id=24676, stack(0x0000007f43500000,0x0000007f43600000) (1024K)]
  0x0000020efdc8c1c0 JavaThread "Service Thread"             daemon [_thread_blocked, id=13768, stack(0x0000007f43600000,0x0000007f43700000) (1024K)]
  0x0000020efdc95c30 JavaThread "Monitor Deflation Thread"   daemon [_thread_blocked, id=22532, stack(0x0000007f43700000,0x0000007f43800000) (1024K)]
  0x0000020efdc96ae0 JavaThread "C2 CompilerThread0"         daemon [_thread_blocked, id=23840, stack(0x0000007f43800000,0x0000007f43900000) (1024K)]
  0x0000020efdcc2410 JavaThread "C1 CompilerThread0"         daemon [_thread_blocked, id=25728, stack(0x0000007f43900000,0x0000007f43a00000) (1024K)]
  0x0000020efdc4f110 JavaThread "Common-Cleaner"             daemon [_thread_blocked, id=22832, stack(0x0000007f43a00000,0x0000007f43b00000) (1024K)]
  0x0000020efdea6080 JavaThread "JDWP Transport Listener: dt_socket" daemon [_thread_blocked, id=26244, stack(0x0000007f43b00000,0x0000007f43c00000) (1024K)]
  0x0000020efdfc1a30 JavaThread "JDWP Event Helper Thread"   daemon [_thread_blocked, id=14008, stack(0x0000007f43c00000,0x0000007f43d00000) (1024K)]
  0x0000020efdf13a90 JavaThread "JDWP Command Reader"        daemon [_thread_in_native, id=18120, stack(0x0000007f43d00000,0x0000007f43e00000) (1024K)]
  0x0000020efe4986f0 JavaThread "Notification Thread"        daemon [_thread_blocked, id=11560, stack(0x0000007f43e00000,0x0000007f43f00000) (1024K)]
=>0x0000020efe4ab020 JavaThread "Game"                              [_thread_in_native, id=6656, stack(0x0000007f43f00000,0x0000007f44000000) (1024K)]
  0x0000020ee2254840 JavaThread "DestroyJavaVM"                     [_thread_blocked, id=22200, stack(0x0000007f42a00000,0x0000007f42b00000) (1024K)]
  0x0000020ec9691180 JavaThread "C2 CompilerThread1"         daemon [_thread_blocked, id=14004, stack(0x0000007f44f00000,0x0000007f45000000) (1024K)]
  0x0000020ec9b23990 JavaThread "Java2D Disposer"            daemon [_thread_blocked, id=26120, stack(0x0000007f45000000,0x0000007f45100000) (1024K)]
Total: 17

Other Threads:
  0x0000020efdc6b1d0 VMThread "VM Thread"                           [id=23672, stack(0x0000007f43100000,0x0000007f43200000) (1024K)]
  0x0000020efdc4e690 WatcherThread "VM Periodic Task Thread"        [id=9644, stack(0x0000007f43000000,0x0000007f43100000) (1024K)]
  0x0000020ee46aec30 WorkerThread "GC Thread#0"                     [id=20104, stack(0x0000007f42b00000,0x0000007f42c00000) (1024K)]
  0x0000020ec96d4990 WorkerThread "GC Thread#1"                     [id=464, stack(0x0000007f44000000,0x0000007f44100000) (1024K)]
  0x0000020ec96d4d30 WorkerThread "GC Thread#2"                     [id=16560, stack(0x0000007f44700000,0x0000007f44800000) (1024K)]
  0x0000020ec95fe9c0 WorkerThread "GC Thread#3"                     [id=24056, stack(0x0000007f44800000,0x0000007f44900000) (1024K)]
  0x0000020ec95d9440 WorkerThread "GC Thread#4"                     [id=16520, stack(0x0000007f44900000,0x0000007f44a00000) (1024K)]
  0x0000020ec95d97e0 WorkerThread "GC Thread#5"                     [id=14044, stack(0x0000007f44a00000,0x0000007f44b00000) (1024K)]
  0x0000020ec96f3fa0 WorkerThread "GC Thread#6"                     [id=20648, stack(0x0000007f44b00000,0x0000007f44c00000) (1024K)]
  0x0000020ec961d080 WorkerThread "GC Thread#7"                     [id=14552, stack(0x0000007f44c00000,0x0000007f44d00000) (1024K)]
  0x0000020ec961d420 WorkerThread "GC Thread#8"                     [id=13904, stack(0x0000007f44d00000,0x0000007f44e00000) (1024K)]
  0x0000020ec961d7c0 WorkerThread "GC Thread#9"                     [id=11644, stack(0x0000007f44e00000,0x0000007f44f00000) (1024K)]
  0x0000020ee46bb890 ConcurrentGCThread "G1 Main Marker"            [id=21048, stack(0x0000007f42c00000,0x0000007f42d00000) (1024K)]
  0x0000020ee46bc390 WorkerThread "G1 Conc#0"                       [id=15256, stack(0x0000007f42d00000,0x0000007f42e00000) (1024K)]
  0x0000020ee471e5d0 ConcurrentGCThread "G1 Refine#0"               [id=23044, stack(0x0000007f42e00000,0x0000007f42f00000) (1024K)]
  0x0000020efdb221d0 ConcurrentGCThread "G1 Service"                [id=24444, stack(0x0000007f42f00000,0x0000007f43000000) (1024K)]
Total: 16

Threads with active compile tasks:
Total: 0

VM state: not at safepoint (normal execution)

VM Mutex/Monitor currently owned by a thread: None

Heap address: 0x0000000743800000, size: 3016 MB, Compressed Oops mode: Zero based, Oop shift amount: 3

CDS archive(s) mapped at: [0x0000020e80000000-0x0000020e80c80000-0x0000020e80c80000), size 13107200, SharedBaseAddress: 0x0000020e80000000, ArchiveRelocationMode: 1.
Compressed class space mapped at: 0x0000020e81000000-0x0000020ec1000000, reserved size: 1073741824
Narrow klass base: 0x0000020e80000000, Narrow klass shift: 0, Narrow klass range: 0x100000000

GC Precious Log:
 CardTable entry size: 512
 Card Set container configuration: InlinePtr #cards 4 size 8 Array Of Cards #cards 16 size 48 Howl #buckets 8 coarsen threshold 3686 Howl Bitmap #cards 512 size 80 coarsen threshold 460 Card regions per heap region 1 cards per card region 4096
 CPUs: 12 total, 12 available
 Memory: 12063M
 Large Page Support: Disabled
 NUMA Support: Disabled
 Compressed Oops: Enabled (Zero based)
 Heap Region Size: 2M
 Heap Min Capacity: 8M
 Heap Initial Capacity: 190M
 Heap Max Capacity: 3016M
 Pre-touch: Disabled
 Parallel Workers: 10
 Concurrent Workers: 3
 Concurrent Refinement Workers: 10
 Periodic GC: Disabled

Heap:
 garbage-first heap   total 194560K, used 8592K [0x0000000743800000, 0x0000000800000000)
  region size 2048K, 6 young (12288K), 2 survivors (4096K)
 Metaspace       used 7894K, committed 8064K, reserved 1114112K
  class space    used 575K, committed 640K, reserved 1048576K

Heap Regions: E=young(eden), S=young(survivor), O=old, HS=humongous(starts), HC=humongous(continues), CS=collection set, F=free, TAMS=top-at-mark-start, PB=parsable bottom
|   0|0x0000000743800000, 0x0000000743800000, 0x0000000743a00000|  0%| F|  |TAMS 0x0000000743800000| PB 0x0000000743800000| Untracked 
|   1|0x0000000743a00000, 0x0000000743a00000, 0x0000000743c00000|  0%| F|  |TAMS 0x0000000743a00000| PB 0x0000000743a00000| Untracked 
|   2|0x0000000743c00000, 0x0000000743c00000, 0x0000000743e00000|  0%| F|  |TAMS 0x0000000743c00000| PB 0x0000000743c00000| Untracked 
|   3|0x0000000743e00000, 0x0000000743e00000, 0x0000000744000000|  0%| F|  |TAMS 0x0000000743e00000| PB 0x0000000743e00000| Untracked 
|   4|0x0000000744000000, 0x0000000744000000, 0x0000000744200000|  0%| F|  |TAMS 0x0000000744000000| PB 0x0000000744000000| Untracked 
|   5|0x0000000744200000, 0x0000000744200000, 0x0000000744400000|  0%| F|  |TAMS 0x0000000744200000| PB 0x0000000744200000| Untracked 
|   6|0x0000000744400000, 0x0000000744400000, 0x0000000744600000|  0%| F|  |TAMS 0x0000000744400000| PB 0x0000000744400000| Untracked 
|   7|0x0000000744600000, 0x0000000744600000, 0x0000000744800000|  0%| F|  |TAMS 0x0000000744600000| PB 0x0000000744600000| Untracked 
|   8|0x0000000744800000, 0x0000000744800000, 0x0000000744a00000|  0%| F|  |TAMS 0x0000000744800000| PB 0x0000000744800000| Untracked 
|   9|0x0000000744a00000, 0x0000000744a00000, 0x0000000744c00000|  0%| F|  |TAMS 0x0000000744a00000| PB 0x0000000744a00000| Untracked 
|  10|0x0000000744c00000, 0x0000000744c00000, 0x0000000744e00000|  0%| F|  |TAMS 0x0000000744c00000| PB 0x0000000744c00000| Untracked 
|  11|0x0000000744e00000, 0x0000000744e00000, 0x0000000745000000|  0%| F|  |TAMS 0x0000000744e00000| PB 0x0000000744e00000| Untracked 
|  12|0x0000000745000000, 0x0000000745000000, 0x0000000745200000|  0%| F|  |TAMS 0x0000000745000000| PB 0x0000000745000000| Untracked 
|  13|0x0000000745200000, 0x0000000745200000, 0x0000000745400000|  0%| F|  |TAMS 0x0000000745200000| PB 0x0000000745200000| Untracked 
|  14|0x0000000745400000, 0x0000000745400000, 0x0000000745600000|  0%| F|  |TAMS 0x0000000745400000| PB 0x0000000745400000| Untracked 
|  15|0x0000000745600000, 0x0000000745600000, 0x0000000745800000|  0%| F|  |TAMS 0x0000000745600000| PB 0x0000000745600000| Untracked 
|  16|0x0000000745800000, 0x0000000745800000, 0x0000000745a00000|  0%| F|  |TAMS 0x0000000745800000| PB 0x0000000745800000| Untracked 
|  17|0x0000000745a00000, 0x0000000745a00000, 0x0000000745c00000|  0%| F|  |TAMS 0x0000000745a00000| PB 0x0000000745a00000| Untracked 
|  18|0x0000000745c00000, 0x0000000745c00000, 0x0000000745e00000|  0%| F|  |TAMS 0x0000000745c00000| PB 0x0000000745c00000| Untracked 
|  19|0x0000000745e00000, 0x0000000745e00000, 0x0000000746000000|  0%| F|  |TAMS 0x0000000745e00000| PB 0x0000000745e00000| Untracked 
|  20|0x0000000746000000, 0x0000000746000000, 0x0000000746200000|  0%| F|  |TAMS 0x0000000746000000| PB 0x0000000746000000| Untracked 
|  21|0x0000000746200000, 0x0000000746200000, 0x0000000746400000|  0%| F|  |TAMS 0x0000000746200000| PB 0x0000000746200000| Untracked 
|  22|0x0000000746400000, 0x0000000746400000, 0x0000000746600000|  0%| F|  |TAMS 0x0000000746400000| PB 0x0000000746400000| Untracked 
|  23|0x0000000746600000, 0x0000000746600000, 0x0000000746800000|  0%| F|  |TAMS 0x0000000746600000| PB 0x0000000746600000| Untracked 
|  24|0x0000000746800000, 0x0000000746800000, 0x0000000746a00000|  0%| F|  |TAMS 0x0000000746800000| PB 0x0000000746800000| Untracked 
|  25|0x0000000746a00000, 0x0000000746a00000, 0x0000000746c00000|  0%| F|  |TAMS 0x0000000746a00000| PB 0x0000000746a00000| Untracked 
|  26|0x0000000746c00000, 0x0000000746c00000, 0x0000000746e00000|  0%| F|  |TAMS 0x0000000746c00000| PB 0x0000000746c00000| Untracked 
|  27|0x0000000746e00000, 0x0000000746e00000, 0x0000000747000000|  0%| F|  |TAMS 0x0000000746e00000| PB 0x0000000746e00000| Untracked 
|  28|0x0000000747000000, 0x0000000747000000, 0x0000000747200000|  0%| F|  |TAMS 0x0000000747000000| PB 0x0000000747000000| Untracked 
|  29|0x0000000747200000, 0x0000000747200000, 0x0000000747400000|  0%| F|  |TAMS 0x0000000747200000| PB 0x0000000747200000| Untracked 
|  30|0x0000000747400000, 0x0000000747400000, 0x0000000747600000|  0%| F|  |TAMS 0x0000000747400000| PB 0x0000000747400000| Untracked 
|  31|0x0000000747600000, 0x0000000747600000, 0x0000000747800000|  0%| F|  |TAMS 0x0000000747600000| PB 0x0000000747600000| Untracked 
|  32|0x0000000747800000, 0x0000000747800000, 0x0000000747a00000|  0%| F|  |TAMS 0x0000000747800000| PB 0x0000000747800000| Untracked 
|  33|0x0000000747a00000, 0x0000000747a00000, 0x0000000747c00000|  0%| F|  |TAMS 0x0000000747a00000| PB 0x0000000747a00000| Untracked 
|  34|0x0000000747c00000, 0x0000000747c00000, 0x0000000747e00000|  0%| F|  |TAMS 0x0000000747c00000| PB 0x0000000747c00000| Untracked 
|  35|0x0000000747e00000, 0x0000000747e00000, 0x0000000748000000|  0%| F|  |TAMS 0x0000000747e00000| PB 0x0000000747e00000| Untracked 
|  36|0x0000000748000000, 0x0000000748000000, 0x0000000748200000|  0%| F|  |TAMS 0x0000000748000000| PB 0x0000000748000000| Untracked 
|  37|0x0000000748200000, 0x0000000748200000, 0x0000000748400000|  0%| F|  |TAMS 0x0000000748200000| PB 0x0000000748200000| Untracked 
|  38|0x0000000748400000, 0x0000000748400000, 0x0000000748600000|  0%| F|  |TAMS 0x0000000748400000| PB 0x0000000748400000| Untracked 
|  39|0x0000000748600000, 0x0000000748600000, 0x0000000748800000|  0%| F|  |TAMS 0x0000000748600000| PB 0x0000000748600000| Untracked 
|  40|0x0000000748800000, 0x0000000748800000, 0x0000000748a00000|  0%| F|  |TAMS 0x0000000748800000| PB 0x0000000748800000| Untracked 
|  41|0x0000000748a00000, 0x0000000748a00000, 0x0000000748c00000|  0%| F|  |TAMS 0x0000000748a00000| PB 0x0000000748a00000| Untracked 
|  42|0x0000000748c00000, 0x0000000748c00000, 0x0000000748e00000|  0%| F|  |TAMS 0x0000000748c00000| PB 0x0000000748c00000| Untracked 
|  43|0x0000000748e00000, 0x0000000748e00000, 0x0000000749000000|  0%| F|  |TAMS 0x0000000748e00000| PB 0x0000000748e00000| Untracked 
|  44|0x0000000749000000, 0x0000000749000000, 0x0000000749200000|  0%| F|  |TAMS 0x0000000749000000| PB 0x0000000749000000| Untracked 
|  45|0x0000000749200000, 0x0000000749200000, 0x0000000749400000|  0%| F|  |TAMS 0x0000000749200000| PB 0x0000000749200000| Untracked 
|  46|0x0000000749400000, 0x0000000749400000, 0x0000000749600000|  0%| F|  |TAMS 0x0000000749400000| PB 0x0000000749400000| Untracked 
|  47|0x0000000749600000, 0x0000000749600000, 0x0000000749800000|  0%| F|  |TAMS 0x0000000749600000| PB 0x0000000749600000| Untracked 
|  48|0x0000000749800000, 0x0000000749800000, 0x0000000749a00000|  0%| F|  |TAMS 0x0000000749800000| PB 0x0000000749800000| Untracked 
|  49|0x0000000749a00000, 0x0000000749a00000, 0x0000000749c00000|  0%| F|  |TAMS 0x0000000749a00000| PB 0x0000000749a00000| Untracked 
|  50|0x0000000749c00000, 0x0000000749c00000, 0x0000000749e00000|  0%| F|  |TAMS 0x0000000749c00000| PB 0x0000000749c00000| Untracked 
|  51|0x0000000749e00000, 0x0000000749e00000, 0x000000074a000000|  0%| F|  |TAMS 0x0000000749e00000| PB 0x0000000749e00000| Untracked 
|  52|0x000000074a000000, 0x000000074a000000, 0x000000074a200000|  0%| F|  |TAMS 0x000000074a000000| PB 0x000000074a000000| Untracked 
|  53|0x000000074a200000, 0x000000074a200000, 0x000000074a400000|  0%| F|  |TAMS 0x000000074a200000| PB 0x000000074a200000| Untracked 
|  54|0x000000074a400000, 0x000000074a400000, 0x000000074a600000|  0%| F|  |TAMS 0x000000074a400000| PB 0x000000074a400000| Untracked 
|  55|0x000000074a600000, 0x000000074a600000, 0x000000074a800000|  0%| F|  |TAMS 0x000000074a600000| PB 0x000000074a600000| Untracked 
|  56|0x000000074a800000, 0x000000074a800000, 0x000000074aa00000|  0%| F|  |TAMS 0x000000074a800000| PB 0x000000074a800000| Untracked 
|  57|0x000000074aa00000, 0x000000074aa00000, 0x000000074ac00000|  0%| F|  |TAMS 0x000000074aa00000| PB 0x000000074aa00000| Untracked 
|  58|0x000000074ac00000, 0x000000074ac00000, 0x000000074ae00000|  0%| F|  |TAMS 0x000000074ac00000| PB 0x000000074ac00000| Untracked 
|  59|0x000000074ae00000, 0x000000074ae00000, 0x000000074b000000|  0%| F|  |TAMS 0x000000074ae00000| PB 0x000000074ae00000| Untracked 
|  60|0x000000074b000000, 0x000000074b000000, 0x000000074b200000|  0%| F|  |TAMS 0x000000074b000000| PB 0x000000074b000000| Untracked 
|  61|0x000000074b200000, 0x000000074b200000, 0x000000074b400000|  0%| F|  |TAMS 0x000000074b200000| PB 0x000000074b200000| Untracked 
|  62|0x000000074b400000, 0x000000074b400000, 0x000000074b600000|  0%| F|  |TAMS 0x000000074b400000| PB 0x000000074b400000| Untracked 
|  63|0x000000074b600000, 0x000000074b600000, 0x000000074b800000|  0%| F|  |TAMS 0x000000074b600000| PB 0x000000074b600000| Untracked 
|  64|0x000000074b800000, 0x000000074b800000, 0x000000074ba00000|  0%| F|  |TAMS 0x000000074b800000| PB 0x000000074b800000| Untracked 
|  65|0x000000074ba00000, 0x000000074ba00000, 0x000000074bc00000|  0%| F|  |TAMS 0x000000074ba00000| PB 0x000000074ba00000| Untracked 
|  66|0x000000074bc00000, 0x000000074bc00000, 0x000000074be00000|  0%| F|  |TAMS 0x000000074bc00000| PB 0x000000074bc00000| Untracked 
|  67|0x000000074be00000, 0x000000074be00000, 0x000000074c000000|  0%| F|  |TAMS 0x000000074be00000| PB 0x000000074be00000| Untracked 
|  68|0x000000074c000000, 0x000000074c000000, 0x000000074c200000|  0%| F|  |TAMS 0x000000074c000000| PB 0x000000074c000000| Untracked 
|  69|0x000000074c200000, 0x000000074c200000, 0x000000074c400000|  0%| F|  |TAMS 0x000000074c200000| PB 0x000000074c200000| Untracked 
|  70|0x000000074c400000, 0x000000074c400000, 0x000000074c600000|  0%| F|  |TAMS 0x000000074c400000| PB 0x000000074c400000| Untracked 
|  71|0x000000074c600000, 0x000000074c600000, 0x000000074c800000|  0%| F|  |TAMS 0x000000074c600000| PB 0x000000074c600000| Untracked 
|  72|0x000000074c800000, 0x000000074c800000, 0x000000074ca00000|  0%| F|  |TAMS 0x000000074c800000| PB 0x000000074c800000| Untracked 
|  73|0x000000074ca00000, 0x000000074ca00000, 0x000000074cc00000|  0%| F|  |TAMS 0x000000074ca00000| PB 0x000000074ca00000| Untracked 
|  74|0x000000074cc00000, 0x000000074cc00000, 0x000000074ce00000|  0%| F|  |TAMS 0x000000074cc00000| PB 0x000000074cc00000| Untracked 
|  75|0x000000074ce00000, 0x000000074ce00000, 0x000000074d000000|  0%| F|  |TAMS 0x000000074ce00000| PB 0x000000074ce00000| Untracked 
|  76|0x000000074d000000, 0x000000074d000000, 0x000000074d200000|  0%| F|  |TAMS 0x000000074d000000| PB 0x000000074d000000| Untracked 
|  77|0x000000074d200000, 0x000000074d200000, 0x000000074d400000|  0%| F|  |TAMS 0x000000074d200000| PB 0x000000074d200000| Untracked 
|  78|0x000000074d400000, 0x000000074d400000, 0x000000074d600000|  0%| F|  |TAMS 0x000000074d400000| PB 0x000000074d400000| Untracked 
|  79|0x000000074d600000, 0x000000074d600000, 0x000000074d800000|  0%| F|  |TAMS 0x000000074d600000| PB 0x000000074d600000| Untracked 
|  80|0x000000074d800000, 0x000000074d800000, 0x000000074da00000|  0%| F|  |TAMS 0x000000074d800000| PB 0x000000074d800000| Untracked 
|  81|0x000000074da00000, 0x000000074da00000, 0x000000074dc00000|  0%| F|  |TAMS 0x000000074da00000| PB 0x000000074da00000| Untracked 
|  82|0x000000074dc00000, 0x000000074dc64000, 0x000000074de00000| 19%| S|CS|TAMS 0x000000074dc00000| PB 0x000000074dc00000| Complete 
|  83|0x000000074de00000, 0x000000074e000000, 0x000000074e000000|100%| S|CS|TAMS 0x000000074de00000| PB 0x000000074de00000| Complete 
|  84|0x000000074e000000, 0x000000074e000000, 0x000000074e200000|  0%| F|  |TAMS 0x000000074e000000| PB 0x000000074e000000| Untracked 
|  85|0x000000074e200000, 0x000000074e200000, 0x000000074e400000|  0%| F|  |TAMS 0x000000074e200000| PB 0x000000074e200000| Untracked 
|  86|0x000000074e400000, 0x000000074e400000, 0x000000074e600000|  0%| F|  |TAMS 0x000000074e400000| PB 0x000000074e400000| Untracked 
|  87|0x000000074e600000, 0x000000074e600000, 0x000000074e800000|  0%| F|  |TAMS 0x000000074e600000| PB 0x000000074e600000| Untracked 
|  88|0x000000074e800000, 0x000000074e800000, 0x000000074ea00000|  0%| F|  |TAMS 0x000000074e800000| PB 0x000000074e800000| Untracked 
|  89|0x000000074ea00000, 0x000000074ea00000, 0x000000074ec00000|  0%| F|  |TAMS 0x000000074ea00000| PB 0x000000074ea00000| Untracked 
|  90|0x000000074ec00000, 0x000000074ec00000, 0x000000074ee00000|  0%| F|  |TAMS 0x000000074ec00000| PB 0x000000074ec00000| Untracked 
|  91|0x000000074ee00000, 0x000000074f000000, 0x000000074f000000|100%| E|  |TAMS 0x000000074ee00000| PB 0x000000074ee00000| Complete 
|  92|0x000000074f000000, 0x000000074f200000, 0x000000074f200000|100%| E|CS|TAMS 0x000000074f000000| PB 0x000000074f000000| Complete 
|  93|0x000000074f200000, 0x000000074f400000, 0x000000074f400000|100%| E|CS|TAMS 0x000000074f200000| PB 0x000000074f200000| Complete 
|  94|0x000000074f400000, 0x000000074f600000, 0x000000074f600000|100%| E|CS|TAMS 0x000000074f400000| PB 0x000000074f400000| Complete 

Card table byte_map: [0x0000020ef7b40000,0x0000020ef8130000] _byte_map_base: 0x0000020ef4124000

Marking Bits: (CMBitMap*) 0x0000020ee46af330
 Bits: [0x0000020ef8130000, 0x0000020efb050000)

Polling page: 0x0000020ee2210000

Metaspace:

Usage:
  Non-class:      7.15 MB used.
      Class:    575.31 KB used.
       Both:      7.71 MB used.

Virtual space:
  Non-class space:       64.00 MB reserved,       7.25 MB ( 11%) committed,  1 nodes.
      Class space:        1.00 GB reserved,     640.00 KB ( <1%) committed,  1 nodes.
             Both:        1.06 GB reserved,       7.88 MB ( <1%) committed. 

Chunk freelists:
   Non-Class:  8.28 MB
       Class:  15.20 MB
        Both:  23.48 MB

MaxMetaspaceSize: unlimited
CompressedClassSpaceSize: 1.00 GB
Initial GC threshold: 21.00 MB
Current GC threshold: 21.00 MB
CDS: on
 - commit_granule_bytes: 65536.
 - commit_granule_words: 8192.
 - virtual_space_node_default_size: 8388608.
 - enlarge_chunks_in_place: 1.
 - use_allocation_guard: 0.


Internal statistics:

num_allocs_failed_limit: 0.
num_arena_births: 156.
num_arena_deaths: 0.
num_vsnodes_births: 2.
num_vsnodes_deaths: 0.
num_space_committed: 124.
num_space_uncommitted: 0.
num_chunks_returned_to_freelist: 0.
num_chunks_taken_from_freelist: 290.
num_chunk_merges: 0.
num_chunk_splits: 196.
num_chunks_enlarged: 116.
num_inconsistent_stats: 0.

CodeHeap 'non-profiled nmethods': size=120000Kb used=504Kb max_used=504Kb free=119495Kb
 bounds [0x0000020eefad0000, 0x0000020eefd40000, 0x0000020ef7000000]
CodeHeap 'profiled nmethods': size=120000Kb used=1969Kb max_used=1969Kb free=118030Kb
 bounds [0x0000020ee8000000, 0x0000020ee8270000, 0x0000020eef530000]
CodeHeap 'non-nmethods': size=5760Kb used=2243Kb max_used=2280Kb free=3516Kb
 bounds [0x0000020eef530000, 0x0000020eef7a0000, 0x0000020eefad0000]
 total_blobs=2324 nmethods=1192 adapters=1037
 compilation: enabled
              stopped_count=0, restarted_count=0
 full_count=0

Compilation events (20 events):
Event: 2.130 Thread 0x0000020ec9691180 1186       4       java.awt.image.ComponentColorModel::extractComponent (499 bytes)
Event: 2.130 Thread 0x0000020efdcc2410 nmethod 1184 0x0000020ee81e5590 code [0x0000020ee81e5860, 0x0000020ee81e6088]
Event: 2.130 Thread 0x0000020efdcc2410 1185       2       java.awt.image.ComponentColorModel::getAlpha (238 bytes)
Event: 2.130 Thread 0x0000020efdcc2410 nmethod 1185 0x0000020ee81e6410 code [0x0000020ee81e66c0, 0x0000020ee81e6da8]
Event: 2.131 Thread 0x0000020ec9691180 nmethod 1186 0x0000020eefb47e90 code [0x0000020eefb48040, 0x0000020eefb48268]
Event: 2.131 Thread 0x0000020ec9691180 1187       4       java.awt.image.ComponentColorModel::getRGB (161 bytes)
Event: 2.132 Thread 0x0000020efdcc2410 1189 %     3       java.awt.image.BufferedImage::getRGB @ 160 (218 bytes)
Event: 2.133 Thread 0x0000020efdcc2410 nmethod 1189% 0x0000020ee81e7290 code [0x0000020ee81e74e0, 0x0000020ee81e84e0]
Event: 2.133 Thread 0x0000020efdcc2410 1190       3       java.awt.image.BufferedImage::getRGB (218 bytes)
Event: 2.134 Thread 0x0000020efdcc2410 nmethod 1190 0x0000020ee81e8a10 code [0x0000020ee81e8c60, 0x0000020ee81e9968]
Event: 2.135 Thread 0x0000020ec9691180 nmethod 1187 0x0000020eefb48490 code [0x0000020eefb48680, 0x0000020eefb48ae0]
Event: 2.135 Thread 0x0000020ec9691180 1188       4       java.awt.image.ComponentColorModel::getAlpha (238 bytes)
Event: 2.137 Thread 0x0000020ec9691180 nmethod 1188 0x0000020eefb49010 code [0x0000020eefb491c0, 0x0000020eefb493a8]
Event: 2.137 Thread 0x0000020ec9691180 1191 %     4       java.awt.image.BufferedImage::getRGB @ 160 (218 bytes)
Event: 2.138 Thread 0x0000020efdcc2410 1192 % !   3       com.thecherno.flappy.graphics.TextureLoader::load @ 55 (237 bytes)
Event: 2.139 Thread 0x0000020efdc96ae0 nmethod 1176% 0x0000020eefb49590 code [0x0000020eefb49760, 0x0000020eefb4a348]
Event: 2.139 Thread 0x0000020efdc96ae0 1183       4       java.awt.image.ComponentColorModel::getBlue (7 bytes)
Event: 2.140 Thread 0x0000020efdcc2410 nmethod 1192% 0x0000020ee81e9e90 code [0x0000020ee81ea200, 0x0000020ee81eb7b8]
Event: 2.140 Thread 0x0000020efdc96ae0 nmethod 1183 0x0000020eefb4a690 code [0x0000020eefb4a820, 0x0000020eefb4a938]
Event: 2.141 Thread 0x0000020efdc96ae0 1193 % !   4       com.thecherno.flappy.graphics.TextureLoader::load @ 55 (237 bytes)

GC Heap History (2 events):
Event: 1.905 GC heap before
{Heap before GC invocations=0 (full 0):
 garbage-first heap   total 194560K, used 20480K [0x0000000743800000, 0x0000000800000000)
  region size 2048K, 11 young (22528K), 0 survivors (0K)
 Metaspace       used 5797K, committed 6016K, reserved 1114112K
  class space    used 391K, committed 512K, reserved 1048576K
}
Event: 1.913 GC heap after
{Heap after GC invocations=1 (full 0):
 garbage-first heap   total 194560K, used 2448K [0x0000000743800000, 0x0000000800000000)
  region size 2048K, 2 young (4096K), 2 survivors (4096K)
 Metaspace       used 5797K, committed 6016K, reserved 1114112K
  class space    used 391K, committed 512K, reserved 1048576K
}

Dll operation events (12 events):
Event: 0.016 Loaded shared library C:\Users\taman\.p2\pool\plugins\org.eclipse.justj.openjdk.hotspot.jre.full.win32.x86_64_21.0.7.v20250502-0916\jre\bin\java.dll
Event: 0.043 Loaded shared library C:\Users\taman\.p2\pool\plugins\org.eclipse.justj.openjdk.hotspot.jre.full.win32.x86_64_21.0.7.v20250502-0916\jre\bin\zip.dll
Event: 0.261 Loaded shared library C:\Users\taman\.p2\pool\plugins\org.eclipse.justj.openjdk.hotspot.jre.full.win32.x86_64_21.0.7.v20250502-0916\jre\bin\instrument.dll
Event: 0.268 Loaded shared library C:\Users\taman\.p2\pool\plugins\org.eclipse.justj.openjdk.hotspot.jre.full.win32.x86_64_21.0.7.v20250502-0916\jre\bin\net.dll
Event: 0.271 Loaded shared library C:\Users\taman\.p2\pool\plugins\org.eclipse.justj.openjdk.hotspot.jre.full.win32.x86_64_21.0.7.v20250502-0916\jre\bin\nio.dll
Event: 0.280 Loaded shared library C:\Users\taman\.p2\pool\plugins\org.eclipse.justj.openjdk.hotspot.jre.full.win32.x86_64_21.0.7.v20250502-0916\jre\bin\zip.dll
Event: 0.423 Loaded shared library C:\Users\taman\.p2\pool\plugins\org.eclipse.justj.openjdk.hotspot.jre.full.win32.x86_64_21.0.7.v20250502-0916\jre\bin\jimage.dll
Event: 0.503 Loaded shared library C:\Users\taman\.p2\pool\plugins\org.eclipse.justj.openjdk.hotspot.jre.full.win32.x86_64_21.0.7.v20250502-0916\jre\bin\verify.dll
Event: 0.653 Loaded shared library C:\Users\taman\AppData\Local\Temp\lwjgl_taman\3.3.6-snapshot+1\x64\lwjgl.dll
Event: 1.491 Loaded shared library C:\Users\taman\AppData\Local\Temp\lwjgl_taman\3.3.6-snapshot+1\x64\lwjgl_opengl.dll
Event: 1.975 Loaded shared library C:\Users\taman\.p2\pool\plugins\org.eclipse.justj.openjdk.hotspot.jre.full.win32.x86_64_21.0.7.v20250502-0916\jre\bin\awt.dll
Event: 2.119 Loaded shared library C:\Users\taman\.p2\pool\plugins\org.eclipse.justj.openjdk.hotspot.jre.full.win32.x86_64_21.0.7.v20250502-0916\jre\bin\javajpeg.dll

Deoptimization events (20 events):
Event: 1.670 Thread 0x0000020efe4ab020 Uncommon trap: trap_request=0xffffff54 fr.pc=0x0000020eefb21e10 relative=0x0000000000000070
Event: 1.670 Thread 0x0000020efe4ab020 Uncommon trap: reason=speculate_null_assert action=make_not_entrant pc=0x0000020eefb21e10 method=sun.misc.Unsafe.getLong(Ljava/lang/Object;J)J @ 5 c2
Event: 1.670 Thread 0x0000020efe4ab020 DEOPT PACKING pc=0x0000020eefb21e10 sp=0x0000007f43ffef40
Event: 1.670 Thread 0x0000020efe4ab020 DEOPT UNPACKING pc=0x0000020eef5846a2 sp=0x0000007f43ffeed8 mode 2
Event: 2.062 Thread 0x0000020efe4ab020 Uncommon trap: trap_request=0xffffff45 fr.pc=0x0000020eefaf66a8 relative=0x00000000000001c8
Event: 2.062 Thread 0x0000020efe4ab020 Uncommon trap: reason=unstable_if action=reinterpret pc=0x0000020eefaf66a8 method=java.lang.invoke.VarHandle.checkAccessModeThenIsDirect(Ljava/lang/invoke/VarHandle$AccessDescriptor;)Z @ 4 c2
Event: 2.062 Thread 0x0000020efe4ab020 DEOPT PACKING pc=0x0000020eefaf66a8 sp=0x0000007f43ffeda0
Event: 2.062 Thread 0x0000020efe4ab020 DEOPT UNPACKING pc=0x0000020eef5846a2 sp=0x0000007f43ffecd8 mode 2
Event: 2.127 Thread 0x0000020efe4ab020 Uncommon trap: trap_request=0xffffff45 fr.pc=0x0000020eefb3c804 relative=0x0000000000000284
Event: 2.127 Thread 0x0000020efe4ab020 Uncommon trap: reason=unstable_if action=reinterpret pc=0x0000020eefb3c804 method=java.awt.image.ComponentColorModel.getRGB(Ljava/lang/Object;)I @ 4 c2
Event: 2.127 Thread 0x0000020efe4ab020 DEOPT PACKING pc=0x0000020eefb3c804 sp=0x0000007f43fff110
Event: 2.127 Thread 0x0000020efe4ab020 DEOPT UNPACKING pc=0x0000020eef5846a2 sp=0x0000007f43fff0d0 mode 2
Event: 2.127 Thread 0x0000020efe4ab020 Uncommon trap: trap_request=0xffffff45 fr.pc=0x0000020eefb3d124 relative=0x0000000000000164
Event: 2.127 Thread 0x0000020efe4ab020 Uncommon trap: reason=unstable_if action=reinterpret pc=0x0000020eefb3d124 method=java.awt.image.ComponentColorModel.getAlpha(Ljava/lang/Object;)I @ 4 c2
Event: 2.127 Thread 0x0000020efe4ab020 DEOPT PACKING pc=0x0000020eefb3d124 sp=0x0000007f43fff0a0
Event: 2.127 Thread 0x0000020efe4ab020 DEOPT UNPACKING pc=0x0000020eef5846a2 sp=0x0000007f43fff018 mode 2
Event: 2.127 Thread 0x0000020efe4ab020 Uncommon trap: trap_request=0xffffff45 fr.pc=0x0000020eefb3bd20 relative=0x0000000000000160
Event: 2.128 Thread 0x0000020efe4ab020 Uncommon trap: reason=unstable_if action=reinterpret pc=0x0000020eefb3bd20 method=java.awt.image.ComponentColorModel.extractComponent(Ljava/lang/Object;II)I @ 4 c2
Event: 2.128 Thread 0x0000020efe4ab020 DEOPT PACKING pc=0x0000020eefb3bd20 sp=0x0000007f43fff010
Event: 2.128 Thread 0x0000020efe4ab020 DEOPT UNPACKING pc=0x0000020eef5846a2 sp=0x0000007f43ffef68 mode 2

Classes loaded (20 events):
Event: 2.117 Loading class com/sun/imageio/plugins/jpeg/JPEGImageReader
Event: 2.118 Loading class com/sun/imageio/plugins/jpeg/JPEGImageReader done
Event: 2.118 Loading class com/sun/imageio/plugins/jpeg/JPEGImageReader$1
Event: 2.118 Loading class com/sun/imageio/plugins/jpeg/JPEGImageReader$1 done
Event: 2.120 Loading class javax/imageio/plugins/jpeg/JPEGQTable
Event: 2.120 Loading class javax/imageio/plugins/jpeg/JPEGQTable done
Event: 2.120 Loading class javax/imageio/plugins/jpeg/JPEGHuffmanTable
Event: 2.120 Loading class javax/imageio/plugins/jpeg/JPEGHuffmanTable done
Event: 2.120 Loading class com/sun/imageio/plugins/jpeg/JPEGImageReader$CallBackLock
Event: 2.120 Loading class com/sun/imageio/plugins/jpeg/JPEGImageReader$CallBackLock done
Event: 2.120 Loading class com/sun/imageio/plugins/jpeg/JPEGImageReader$CallBackLock$State
Event: 2.120 Loading class com/sun/imageio/plugins/jpeg/JPEGImageReader$CallBackLock$State done
Event: 2.120 Loading class com/sun/imageio/plugins/jpeg/JPEGImageReader$JPEGReaderDisposerRecord
Event: 2.120 Loading class com/sun/imageio/plugins/jpeg/JPEGImageReader$JPEGReaderDisposerRecord done
Event: 2.120 Loading class javax/imageio/plugins/jpeg/JPEGImageReadParam
Event: 2.120 Loading class javax/imageio/plugins/jpeg/JPEGImageReadParam done
Event: 2.122 Loading class com/sun/imageio/plugins/jpeg/ImageTypeProducer
Event: 2.122 Loading class com/sun/imageio/plugins/jpeg/ImageTypeProducer done
Event: 2.122 Loading class com/sun/imageio/plugins/jpeg/ImageTypeIterator
Event: 2.122 Loading class com/sun/imageio/plugins/jpeg/ImageTypeIterator done

Classes unloaded (0 events):
No events

Classes redefined (0 events):
No events

Internal exceptions (20 events):
Event: 0.659 Thread 0x0000020efe4ab020 Exception <a 'sun/nio/fs/WindowsException'{0x000000074eaa0998}> (0x000000074eaa0998) 
thrown [s\src\hotspot\share\prims\jni.cpp, line 520]
Event: 0.672 Thread 0x0000020efe4ab020 Exception <a 'sun/nio/fs/WindowsException'{0x000000074eb037b8}> (0x000000074eb037b8) 
thrown [s\src\hotspot\share\prims\jni.cpp, line 520]
Event: 0.672 Thread 0x0000020efe4ab020 Exception <a 'sun/nio/fs/WindowsException'{0x000000074eb03b48}> (0x000000074eb03b48) 
thrown [s\src\hotspot\share\prims\jni.cpp, line 520]
Event: 0.694 Thread 0x0000020efe4ab020 Exception <a 'java/lang/NoSuchMethodError'{0x000000074e85f4d0}: 'int java.lang.invoke.DirectMethodHandle$Holder.invokeStaticInit(java.lang.Object, java.lang.Object, int, long)'> (0x000000074e85f4d0) 
thrown [s\src\hotspot\share\interpreter\linkResolver.cpp, line 773]
Event: 0.695 Thread 0x0000020efe4ab020 Exception <a 'java/lang/NoSuchMethodError'{0x000000074e8648a8}: 'java.lang.Object java.lang.invoke.DirectMethodHandle$Holder.newInvokeSpecial(java.lang.Object, java.lang.Object, int)'> (0x000000074e8648a8) 
thrown [s\src\hotspot\share\interpreter\linkResolver.cpp, line 773]
Event: 0.699 Thread 0x0000020efe4ab020 Exception <a 'java/lang/NoSuchMethodError'{0x000000074e881888}: 'int java.lang.invoke.DirectMethodHandle$Holder.invokeStaticInit(java.lang.Object, java.lang.Object, long, long)'> (0x000000074e881888) 
thrown [s\src\hotspot\share\interpreter\linkResolver.cpp, line 773]
Event: 0.700 Thread 0x0000020efe4ab020 Exception <a 'java/lang/NoSuchMethodError'{0x000000074e8875e0}: 'java.lang.Object java.lang.invoke.DirectMethodHandle$Holder.newInvokeSpecial(java.lang.Object, java.lang.Object, long)'> (0x000000074e8875e0) 
thrown [s\src\hotspot\share\interpreter\linkResolver.cpp, line 773]
Event: 0.700 Thread 0x0000020efe4ab020 Exception <a 'java/lang/NoSuchMethodError'{0x000000074e88b748}: 'java.lang.Object java.lang.invoke.Invokers$Holder.linkToTargetMethod(java.lang.Object, long, java.lang.Object)'> (0x000000074e88b748) 
thrown [s\src\hotspot\share\interpreter\linkResolver.cpp, line 773]
Event: 0.701 Thread 0x0000020efe4ab020 Exception <a 'java/lang/NoSuchMethodError'{0x000000074e892990}: 'int java.lang.invoke.DirectMethodHandle$Holder.invokeStaticInit(java.lang.Object, java.lang.Object, java.lang.Object, long)'> (0x000000074e892990) 
thrown [s\src\hotspot\share\interpreter\linkResolver.cpp, line 773]
Event: 1.480 Thread 0x0000020efe4ab020 Exception <a 'java/lang/NoSuchMethodError'{0x000000074e739df0}: 'void java.lang.System.load(java.lang.String, java.lang.Class)'> (0x000000074e739df0) 
thrown [s\src\hotspot\share\interpreter\linkResolver.cpp, line 773]
Event: 1.481 Thread 0x0000020efe4ab020 Exception <a 'java/lang/NoSuchMethodError'{0x000000074e73c860}: 'void java.lang.System.loadLibrary(java.lang.String, java.lang.Class)'> (0x000000074e73c860) 
thrown [s\src\hotspot\share\interpreter\linkResolver.cpp, line 773]
Event: 1.489 Thread 0x0000020efe4ab020 Exception <a 'sun/nio/fs/WindowsException'{0x000000074e74b030}> (0x000000074e74b030) 
thrown [s\src\hotspot\share\prims\jni.cpp, line 520]
Event: 1.489 Thread 0x0000020efe4ab020 Exception <a 'sun/nio/fs/WindowsException'{0x000000074e74b408}> (0x000000074e74b408) 
thrown [s\src\hotspot\share\prims\jni.cpp, line 520]
Event: 1.495 Thread 0x0000020efe4ab020 Exception <a 'sun/nio/fs/WindowsException'{0x000000074e75b8c8}> (0x000000074e75b8c8) 
thrown [s\src\hotspot\share\prims\jni.cpp, line 520]
Event: 1.495 Thread 0x0000020efe4ab020 Exception <a 'sun/nio/fs/WindowsException'{0x000000074e75bbd8}> (0x000000074e75bbd8) 
thrown [s\src\hotspot\share\prims\jni.cpp, line 520]
Event: 1.967 Thread 0x0000020efe4ab020 Exception <a 'java/lang/ClassNotFoundException'{0x000000074f268828}: sun/awt/resources/spi/awtProvider> (0x000000074f268828) 
thrown [s\src\hotspot\share\classfile\systemDictionary.cpp, line 312]
Event: 1.987 Thread 0x0000020efe4ab020 Exception <a 'java/io/FileNotFoundException'{0x000000074f2bac60}> (0x000000074f2bac60) 
thrown [s\src\hotspot\share\prims\jni.cpp, line 520]
Event: 1.995 Thread 0x0000020efe4ab020 Exception <a 'java/io/FileNotFoundException'{0x000000074f2e5f20}> (0x000000074f2e5f20) 
thrown [s\src\hotspot\share\prims\jni.cpp, line 520]
Event: 2.022 Thread 0x0000020efe4ab020 Exception <a 'java/lang/NoSuchMethodError'{0x000000074f36bb18}: 'java.lang.Object java.lang.invoke.DirectMethodHandle$Holder.invokeStaticInit(java.lang.Object, int, int, int, int)'> (0x000000074f36bb18) 
thrown [s\src\hotspot\share\interpreter\linkResolver.cpp, line 773]
Event: 2.048 Thread 0x0000020efe4ab020 Exception <a 'java/lang/NoSuchMethodError'{0x000000074f057190}: 'java.lang.Object java.lang.invoke.DirectMethodHandle$Holder.invokeStaticInit(java.lang.Object, java.lang.Object, int, int, int, int)'> (0x000000074f057190) 
thrown [s\src\hotspot\share\interpreter\linkResolver.cpp, line 773]

ZGC Phase Switch (0 events):
No events

VM Operations (14 events):
Event: 0.198 Executing VM operation: ChangeBreakpoints
Event: 0.198 Executing VM operation: ChangeBreakpoints done
Event: 0.644 Executing VM operation: HandshakeAllThreads (Deoptimize)
Event: 0.644 Executing VM operation: HandshakeAllThreads (Deoptimize) done
Event: 0.659 Executing VM operation: HandshakeAllThreads (Deoptimize)
Event: 0.659 Executing VM operation: HandshakeAllThreads (Deoptimize) done
Event: 1.673 Executing VM operation: Cleanup
Event: 1.674 Executing VM operation: Cleanup done
Event: 1.905 Executing VM operation: G1CollectForAllocation (G1 Evacuation Pause)
Event: 1.913 Executing VM operation: G1CollectForAllocation (G1 Evacuation Pause) done
Event: 1.954 Executing VM operation: HandshakeAllThreads (Deoptimize)
Event: 1.954 Executing VM operation: HandshakeAllThreads (Deoptimize) done
Event: 1.962 Executing VM operation: HandshakeAllThreads (Deoptimize)
Event: 1.962 Executing VM operation: HandshakeAllThreads (Deoptimize) done

Memory protections (0 events):
No events

Nmethod flushes (0 events):
No events

Events (20 events):
Event: 0.045 Thread 0x0000020ee2254840 Thread added: 0x0000020efdc889b0
Event: 0.045 Thread 0x0000020ee2254840 Thread added: 0x0000020efdc8b770
Event: 0.046 Thread 0x0000020ee2254840 Thread added: 0x0000020efdc8c1c0
Event: 0.046 Thread 0x0000020ee2254840 Thread added: 0x0000020efdc95c30
Event: 0.046 Thread 0x0000020ee2254840 Thread added: 0x0000020efdc96ae0
Event: 0.049 Thread 0x0000020ee2254840 Thread added: 0x0000020efdcc2410
Event: 0.076 Thread 0x0000020ee2254840 Thread added: 0x0000020efdc4f110
Event: 0.103 Thread 0x0000020ee2254840 Thread added: 0x0000020efdea6080
Event: 0.103 Thread 0x0000020ee2254840 Thread added: 0x0000020efdfc1a30
Event: 0.104 Thread 0x0000020efdea6080 Thread added: 0x0000020efdf13a90
Event: 0.493 Thread 0x0000020ee2254840 Thread added: 0x0000020efe4986f0
Event: 0.562 Thread 0x0000020ee2254840 Thread added: 0x0000020efe4ab020
Event: 0.562 Thread 0x0000020ee2254840 Thread exited: 0x0000020ee2254840
Event: 0.562 Thread 0x0000020ee2254840 Thread added: 0x0000020ee2254840
Event: 0.566 Thread 0x0000020efdcc2410 Thread added: 0x0000020efe60c5a0
Event: 1.406 Thread 0x0000020efe60c5a0 Thread exited: 0x0000020efe60c5a0
Event: 1.502 Thread 0x0000020efdcc2410 Thread added: 0x0000020ec95c54e0
Event: 1.669 Thread 0x0000020ec95c54e0 Thread exited: 0x0000020ec95c54e0
Event: 1.961 Thread 0x0000020efdcc2410 Thread added: 0x0000020ec9691180
Event: 2.054 Thread 0x0000020efe4ab020 Thread added: 0x0000020ec9b23990


Dynamic libraries:
0x00007ff749190000 - 0x00007ff74919e000 	C:\Users\taman\.p2\pool\plugins\org.eclipse.justj.openjdk.hotspot.jre.full.win32.x86_64_21.0.7.v20250502-0916\jre\bin\javaw.exe
0x00007ffa34080000 - 0x00007ffa342e9000 	C:\Windows\SYSTEM32\ntdll.dll
0x00007ffa32d30000 - 0x00007ffa32df9000 	C:\Windows\System32\KERNEL32.DLL
0x00007ffa315f0000 - 0x00007ffa319e3000 	C:\Windows\System32\KERNELBASE.dll
0x00007ffa319f0000 - 0x00007ffa31b3b000 	C:\Windows\System32\ucrtbase.dll
0x00007ffa2b5b0000 - 0x00007ffa2b5c8000 	C:\Users\taman\.p2\pool\plugins\org.eclipse.justj.openjdk.hotspot.jre.full.win32.x86_64_21.0.7.v20250502-0916\jre\bin\jli.dll
0x00007ffa08b50000 - 0x00007ffa08b6e000 	C:\Users\taman\.p2\pool\plugins\org.eclipse.justj.openjdk.hotspot.jre.full.win32.x86_64_21.0.7.v20250502-0916\jre\bin\VCRUNTIME140.dll
0x00007ffa33590000 - 0x00007ffa33754000 	C:\Windows\System32\USER32.dll
0x00007ffa135d0000 - 0x00007ffa13863000 	C:\Windows\WinSxS\amd64_microsoft.windows.common-controls_6595b64144ccf1df_6.0.26100.5074_none_3e0d6f78e32fd63f\COMCTL32.dll
0x00007ffa31500000 - 0x00007ffa31527000 	C:\Windows\System32\win32u.dll
0x00007ffa32e00000 - 0x00007ffa32ea9000 	C:\Windows\System32\msvcrt.dll
0x00007ffa31ff0000 - 0x00007ffa3201b000 	C:\Windows\System32\GDI32.dll
0x00007ffa31c90000 - 0x00007ffa31dbd000 	C:\Windows\System32\gdi32full.dll
0x00007ffa31b40000 - 0x00007ffa31be3000 	C:\Windows\System32\msvcp_win.dll
0x00007ffa32020000 - 0x00007ffa3204f000 	C:\Windows\System32\IMM32.DLL
0x00007ffa294d0000 - 0x00007ffa294dc000 	C:\Users\taman\.p2\pool\plugins\org.eclipse.justj.openjdk.hotspot.jre.full.win32.x86_64_21.0.7.v20250502-0916\jre\bin\vcruntime140_1.dll
0x00007ff9f9c50000 - 0x00007ff9f9cdd000 	C:\Users\taman\.p2\pool\plugins\org.eclipse.justj.openjdk.hotspot.jre.full.win32.x86_64_21.0.7.v20250502-0916\jre\bin\msvcp140.dll
0x00007ff9ba560000 - 0x00007ff9bb2f0000 	C:\Users\taman\.p2\pool\plugins\org.eclipse.justj.openjdk.hotspot.jre.full.win32.x86_64_21.0.7.v20250502-0916\jre\bin\server\jvm.dll
0x00007ffa326d0000 - 0x00007ffa32784000 	C:\Windows\System32\ADVAPI32.dll
0x00007ffa31f40000 - 0x00007ffa31fe6000 	C:\Windows\System32\sechost.dll
0x00007ffa32ed0000 - 0x00007ffa32fe8000 	C:\Windows\System32\RPCRT4.dll
0x00007ffa33770000 - 0x00007ffa337e4000 	C:\Windows\System32\WS2_32.dll
0x00007ffa25960000 - 0x00007ffa2596b000 	C:\Windows\SYSTEM32\VERSION.dll
0x00007ffa25af0000 - 0x00007ffa25b25000 	C:\Windows\SYSTEM32\WINMM.dll
0x00007ffa30e20000 - 0x00007ffa30e7e000 	C:\Windows\SYSTEM32\POWRPROF.dll
0x00007ffa30c40000 - 0x00007ffa30c54000 	C:\Windows\SYSTEM32\UMPDC.dll
0x00007ffa2ffc0000 - 0x00007ffa2ffdb000 	C:\Windows\SYSTEM32\kernel.appcore.dll
0x00007ffa28500000 - 0x00007ffa2850a000 	C:\Users\taman\.p2\pool\plugins\org.eclipse.justj.openjdk.hotspot.jre.full.win32.x86_64_21.0.7.v20250502-0916\jre\bin\jimage.dll
0x00007ffa2e980000 - 0x00007ffa2ebc2000 	C:\Windows\SYSTEM32\DBGHELP.DLL
0x00007ffa328b0000 - 0x00007ffa32c2b000 	C:\Windows\System32\combase.dll
0x00007ffa33f50000 - 0x00007ffa34027000 	C:\Windows\System32\OLEAUT32.dll
0x00007ffa133e0000 - 0x00007ffa1341d000 	C:\Windows\SYSTEM32\dbgcore.DLL
0x00007ffa31bf0000 - 0x00007ffa31c89000 	C:\Windows\System32\bcryptPrimitives.dll
0x00007ffa08a50000 - 0x00007ffa08a8c000 	C:\Users\taman\.p2\pool\plugins\org.eclipse.justj.openjdk.hotspot.jre.full.win32.x86_64_21.0.7.v20250502-0916\jre\bin\jdwp.dll
0x00007ffa285a0000 - 0x00007ffa285af000 	C:\Users\taman\.p2\pool\plugins\org.eclipse.justj.openjdk.hotspot.jre.full.win32.x86_64_21.0.7.v20250502-0916\jre\bin\instrument.dll
0x00007ffa28050000 - 0x00007ffa2806f000 	C:\Users\taman\.p2\pool\plugins\org.eclipse.justj.openjdk.hotspot.jre.full.win32.x86_64_21.0.7.v20250502-0916\jre\bin\java.dll
0x00007ffa33800000 - 0x00007ffa33f4d000 	C:\Windows\System32\SHELL32.dll
0x00007ffa31210000 - 0x00007ffa3137c000 	C:\Windows\System32\wintypes.dll
0x00007ffa2ee50000 - 0x00007ffa2f6a9000 	C:\Windows\SYSTEM32\windows.storage.dll
0x00007ffa32430000 - 0x00007ffa32520000 	C:\Windows\System32\SHCORE.dll
0x00007ffa31ed0000 - 0x00007ffa31f32000 	C:\Windows\System32\shlwapi.dll
0x00007ffa31130000 - 0x00007ffa31159000 	C:\Windows\SYSTEM32\profapi.dll
0x00007ffa24570000 - 0x00007ffa24588000 	C:\Users\taman\.p2\pool\plugins\org.eclipse.justj.openjdk.hotspot.jre.full.win32.x86_64_21.0.7.v20250502-0916\jre\bin\zip.dll
0x00007ffa08b40000 - 0x00007ffa08b4b000 	C:\Users\taman\.p2\pool\plugins\org.eclipse.justj.openjdk.hotspot.jre.full.win32.x86_64_21.0.7.v20250502-0916\jre\bin\dt_socket.dll
0x00007ffa2f9b0000 - 0x00007ffa2f9e4000 	C:\Windows\SYSTEM32\IPHLPAPI.DLL
0x00007ffa30520000 - 0x00007ffa3058b000 	C:\Windows\system32\mswsock.dll
0x00007ffa2faa0000 - 0x00007ffa2fbc6000 	C:\Windows\SYSTEM32\DNSAPI.dll
0x00007ffa34030000 - 0x00007ffa3403a000 	C:\Windows\System32\NSI.dll
0x00007ffa24a50000 - 0x00007ffa24a5b000 	C:\Windows\System32\rasadhlp.dll
0x00007ffa244d0000 - 0x00007ffa24556000 	C:\Windows\System32\fwpuclnt.dll
0x00007ffa28040000 - 0x00007ffa28050000 	C:\Users\taman\.p2\pool\plugins\org.eclipse.justj.openjdk.hotspot.jre.full.win32.x86_64_21.0.7.v20250502-0916\jre\bin\net.dll
0x00007ffa26850000 - 0x00007ffa2696f000 	C:\Windows\SYSTEM32\WINHTTP.dll
0x00007ffa20380000 - 0x00007ffa20396000 	C:\Users\taman\.p2\pool\plugins\org.eclipse.justj.openjdk.hotspot.jre.full.win32.x86_64_21.0.7.v20250502-0916\jre\bin\nio.dll
0x00007ffa240f0000 - 0x00007ffa24100000 	C:\Users\taman\.p2\pool\plugins\org.eclipse.justj.openjdk.hotspot.jre.full.win32.x86_64_21.0.7.v20250502-0916\jre\bin\verify.dll
0x00007ff9f3370000 - 0x00007ff9f33ee000 	C:\Users\taman\AppData\Local\Temp\lwjgl_taman\3.3.6-snapshot+1\x64\lwjgl.dll
0x00007ff9f32e0000 - 0x00007ff9f3369000 	C:\Users\taman\AppData\Local\Temp\lwjgl_taman\3.3.6-snapshot+1\x64\glfw.dll
0x00007ffa08760000 - 0x00007ffa087ab000 	C:\Windows\SYSTEM32\dinput8.dll
0x00007ffa08700000 - 0x00007ffa08712000 	C:\Windows\SYSTEM32\xinput1_4.dll
0x00007ffa30e90000 - 0x00007ffa30ee7000 	C:\Windows\SYSTEM32\cfgmgr32.dll
0x00007ffa30ef0000 - 0x00007ffa30f1d000 	C:\Windows\SYSTEM32\DEVOBJ.dll
0x00007ffa2e2c0000 - 0x00007ffa2e2eb000 	C:\Windows\SYSTEM32\dwmapi.dll
0x00007ffa05c60000 - 0x00007ffa05e3a000 	C:\Windows\SYSTEM32\inputhost.dll
0x00007ffa2b2c0000 - 0x00007ffa2b3e5000 	C:\Windows\SYSTEM32\CoreMessaging.dll
0x00007ffa2b970000 - 0x00007ffa2ba18000 	C:\Windows\system32\uxtheme.dll
0x00007ff9bdfc0000 - 0x00007ff9be0f3000 	C:\ProgramData\A-Volute\A-Volute.Nahimic\Modules\Scheduled\x64\AudioDevProps2.dll
0x00007ffa32530000 - 0x00007ffa326c8000 	C:\Windows\System32\ole32.dll
0x00007ffa30830000 - 0x00007ffa3083c000 	C:\Windows\SYSTEM32\CRYPTBASE.DLL
0x00007ffa32090000 - 0x00007ffa321e8000 	C:\Windows\System32\MSCTF.dll
0x00007ff9e0c00000 - 0x00007ff9e0d0c000 	C:\Windows\SYSTEM32\opengl32.dll
0x00007ff9e91b0000 - 0x00007ff9e91dd000 	C:\Windows\SYSTEM32\GLU32.dll
0x00007ffa2ba70000 - 0x00007ffa2bab4000 	C:\Windows\SYSTEM32\dxcore.dll
0x00007ffa163f0000 - 0x00007ffa1640a000 	C:\Windows\SYSTEM32\windows.staterepositorycore.dll
0x00007ff9a0220000 - 0x00007ff9a2a0e000 	C:\Windows\System32\DriverStore\FileRepository\nvlt.inf_amd64_c34ba0423bef07be\nvoglv64.dll
0x00007ffa33100000 - 0x00007ffa33587000 	C:\Windows\System32\SETUPAPI.dll
0x00007ffa2b740000 - 0x00007ffa2b76a000 	C:\Windows\SYSTEM32\WTSAPI32.dll
0x00007ffa31380000 - 0x00007ffa314f7000 	C:\Windows\System32\CRYPT32.dll
0x00007ffa30260000 - 0x00007ffa302a9000 	C:\Windows\SYSTEM32\SspiCli.dll
0x00007ffa30880000 - 0x00007ffa30893000 	C:\Windows\SYSTEM32\msasn1.dll
0x00007ffa258b0000 - 0x00007ffa258eb000 	C:\Windows\SYSTEM32\cryptnet.dll
0x00007ffa308f0000 - 0x00007ffa30954000 	C:\Windows\SYSTEM32\wldp.dll
0x00007ffa248d0000 - 0x00007ffa24a45000 	C:\Windows\SYSTEM32\drvstore.dll
0x00007ffa31dc0000 - 0x00007ffa31e3e000 	C:\Windows\System32\WINTRUST.dll
0x00007ffa300e0000 - 0x00007ffa30116000 	C:\Windows\SYSTEM32\ntmarta.dll
0x00007ffa32060000 - 0x00007ffa32080000 	C:\Windows\System32\imagehlp.dll
0x00007ffa30810000 - 0x00007ffa3082b000 	C:\Windows\System32\CRYPTSP.dll
0x00007ffa2ff10000 - 0x00007ffa2ff4b000 	C:\Windows\system32\rsaenh.dll
0x00007ffa31100000 - 0x00007ffa31126000 	C:\Windows\System32\bcrypt.dll
0x00007ffa205a0000 - 0x00007ffa23d3a000 	C:\Windows\System32\DriverStore\FileRepository\nvlt.inf_amd64_c34ba0423bef07be\nvgpucomp64.dll
0x00007ff9f9f70000 - 0x00007ff9fa240000 	C:\Windows\system32\nvspcap64.dll
0x00007ffa30990000 - 0x00007ffa309f3000 	C:\Windows\SYSTEM32\WINSTA.dll
0x00007ffa00620000 - 0x00007ffa00769000 	C:\Windows\SYSTEM32\textinputframework.dll
0x00007ffa26f60000 - 0x00007ffa27243000 	C:\Windows\SYSTEM32\CoreUIComponents.dll
0x00007ff9f3280000 - 0x00007ff9f32dd000 	C:\Users\taman\AppData\Local\Temp\lwjgl_taman\3.3.6-snapshot+1\x64\lwjgl_opengl.dll
0x00007ff9b9ff0000 - 0x00007ff9ba17e000 	C:\Users\taman\.p2\pool\plugins\org.eclipse.justj.openjdk.hotspot.jre.full.win32.x86_64_21.0.7.v20250502-0916\jre\bin\awt.dll
0x00007ffa2b670000 - 0x00007ffa2b70e000 	C:\Windows\SYSTEM32\apphelp.dll
0x00007ffa305f0000 - 0x00007ffa3061b000 	C:\Windows\SYSTEM32\USERENV.dll
0x00007ffa08090000 - 0x00007ffa080be000 	C:\Users\taman\.p2\pool\plugins\org.eclipse.justj.openjdk.hotspot.jre.full.win32.x86_64_21.0.7.v20250502-0916\jre\bin\javajpeg.dll

dbghelp: loaded successfully - version: 4.0.5 - missing functions: none
symbol engine: initialized successfully - sym options: 0x614 - pdb path: .;C:\Users\taman\.p2\pool\plugins\org.eclipse.justj.openjdk.hotspot.jre.full.win32.x86_64_21.0.7.v20250502-0916\jre\bin;C:\Windows\SYSTEM32;C:\Windows\WinSxS\amd64_microsoft.windows.common-controls_6595b64144ccf1df_6.0.26100.5074_none_3e0d6f78e32fd63f;C:\Users\taman\.p2\pool\plugins\org.eclipse.justj.openjdk.hotspot.jre.full.win32.x86_64_21.0.7.v20250502-0916\jre\bin\server;C:\Users\taman\AppData\Local\Temp\lwjgl_taman\3.3.6-snapshot+1\x64;C:\ProgramData\A-Volute\A-Volute.Nahimic\Modules\Scheduled\x64;C:\Windows\System32\DriverStore\FileRepository\nvlt.inf_amd64_c34ba0423bef07be

VM Arguments:
jvm_args: -XX:+ShowCodeDetailsInExceptionMessages -agentlib:jdwp=transport=dt_socket,suspend=y,address=localhost:54775 -Djava.library.path=C:\Users\taman\Downloads\lwjgl\lwjgl-glfw;C:\Users\taman\Downloads\lwjgl\lwjgl;C:\Users\taman\Downloads\lwjgl\lwjgl-opengl -javaagent:C:\Users\taman\eclipse\java-2025-06\eclipse\configuration\org.eclipse.osgi\250\0\.cp\lib\javaagent-shaded.jar -Dfile.encoding=UTF-8 -Dstdout.encoding=UTF-8 -Dstderr.encoding=UTF-8 
java_command: com.thecherno.flappy.Main
java_class_path (initial): C:\Users\taman\git\Flappy\bin;C:\Users\taman\Downloads\lwjgl\lwjgl-glfw\lwjgl-glfw.jar;C:\Users\taman\Downloads\lwjgl\lwjgl\lwjgl.jar;C:\Users\taman\Downloads\lwjgl\lwjgl-opengl\lwjgl-opengl.jar;C:\Users\taman\Downloads\lwjgl\lwjgl-opengl\lwjgl-opengl-natives-windows.jar;C:\Users\taman\Downloads\lwjgl\lwjgl-glfw\lwjgl-glfw-natives-windows.jar;C:\Users\taman\Downloads\lwjgl\lwjgl\lwjgl-natives-windows.jar;C:\Users\taman\Downloads\lwjgl\lwjgl\lwjgl-natives-windows-arm64.jar;C:\Users\taman\Downloads\lwjgl\lwjgl\lwjgl-natives-windows-x86.jar;C:\Users\taman\Downloads\lwjgl\lwjgl-opengl\lwjgl-opengl-natives-windows-arm64.jar;C:\Users\taman\Downloads\lwjgl\lwjgl-opengl\lwjgl-opengl-natives-windows-x86.jar;C:\Users\taman\Downloads\lwjgl\lwjgl-glfw\lwjgl-glfw-natives-windows-arm64.jar;C:\Users\taman\Downloads\lwjgl\lwjgl-glfw\lwjgl-glfw-natives-windows-x86.jar
Launcher Type: SUN_STANDARD

[Global flags]
     intx CICompilerCount                          = 4                                         {product} {ergonomic}
     uint ConcGCThreads                            = 3                                         {product} {ergonomic}
     uint G1ConcRefinementThreads                  = 10                                        {product} {ergonomic}
   size_t G1HeapRegionSize                         = 2097152                                   {product} {ergonomic}
    uintx GCDrainStackTargetSize                   = 64                                        {product} {ergonomic}
   size_t InitialHeapSize                          = 199229440                                 {product} {ergonomic}
   size_t MarkStackSize                            = 4194304                                   {product} {ergonomic}
   size_t MaxHeapSize                              = 3162505216                                {product} {ergonomic}
   size_t MaxNewSize                               = 1895825408                                {product} {ergonomic}
   size_t MinHeapDeltaBytes                        = 2097152                                   {product} {ergonomic}
   size_t MinHeapSize                              = 8388608                                   {product} {ergonomic}
    uintx NonNMethodCodeHeapSize                   = 5839372                                {pd product} {ergonomic}
    uintx NonProfiledCodeHeapSize                  = 122909434                              {pd product} {ergonomic}
    uintx ProfiledCodeHeapSize                     = 122909434                              {pd product} {ergonomic}
    uintx ReservedCodeCacheSize                    = 251658240                              {pd product} {ergonomic}
     bool SegmentedCodeCache                       = true                                      {product} {ergonomic}
     bool ShowCodeDetailsInExceptionMessages       = true                                   {manageable} {command line}
   size_t SoftMaxHeapSize                          = 3162505216                             {manageable} {ergonomic}
     bool UseCompressedOops                        = true                           {product lp64_product} {ergonomic}
     bool UseG1GC                                  = true                                      {product} {ergonomic}
     bool UseLargePagesIndividualAllocation        = false                                  {pd product} {ergonomic}

Logging:
Log output configuration:
 #0: stdout all=warning uptime,level,tags foldmultilines=false
 #1: stderr all=off uptime,level,tags foldmultilines=false

Environment Variables:
JAVA_HOME=C:\Program Files\Eclipse Adoptium\jdk-17.0.15.6-hotspot\
PATH=C:\Users\taman\.p2\pool\plugins\org.eclipse.justj.openjdk.hotspot.jre.full.win32.x86_64_21.0.7.v20250502-0916\jre\bin;C:/Users/taman/.p2/pool/plugins/org.eclipse.justj.openjdk.hotspot.jre.full.win32.x86_64_21.0.7.v20250502-0916/jre/bin/server;C:/Users/taman/.p2/pool/plugins/org.eclipse.justj.openjdk.hotspot.jre.full.win32.x86_64_21.0.7.v20250502-0916/jre/bin;C:\Program Files\Eclipse Adoptium\jdk-8.0.462.8-hotspot\bin;C:\Program Files\Eclipse Adoptium\jdk-17.0.15.6-hotspot\bin;C:\Windows\system32;C:\Windows;C:\Windows\System32\Wbem;C:\Windows\System32\WindowsPowerShell\v1.0\;C:\Windows\System32\OpenSSH\;C:\Program Files (x86)\NVIDIA Corporation\PhysX\Common;C:\Program Files\NVIDIA Corporation\NVIDIA NvDLISR;C:\Program Files\Git\cmd;C:\Users\taman\Downloads\apache-maven-3.9.10-bin\apache-maven-3.9.10\bin;C:\Users\taman\AppData\Local\Microsoft\WindowsApps;C:\Users\taman\AppData\Local\Programs\Microsoft VS Code\bin;C:\Users\taman\OneDrive\My tnh;
USERNAME=taman
OS=Windows_NT
PROCESSOR_IDENTIFIER=Intel64 Family 6 Model 151 Stepping 2, GenuineIntel
TMP=C:\Users\taman\AppData\Local\Temp
TEMP=C:\Users\taman\AppData\Local\Temp




Periodic native trim disabled

---------------  S Y S T E M  ---------------

OS:
 Windows 11 , 64 bit Build 26100 (10.0.26100.5074)
OS uptime: 11 days 22:06 hours
Hyper-V role detected

CPU: total 12 (initial active 12) (6 cores per cpu, 2 threads per core) family 6 model 151 stepping 2 microcode 0x37, cx8, cmov, fxsr, ht, mmx, 3dnowpref, sse, sse2, sse3, ssse3, sse4.1, sse4.2, popcnt, lzcnt, tsc, tscinvbit, avx, avx2, aes, erms, clmul, bmi1, bmi2, adx, sha, fma, vzeroupper, clflush, clflushopt, clwb, hv, serialize, rdtscp, rdpid, fsrm, f16c, cet_ibt, cet_ss
Processor Information for processor 0
  Max Mhz: 2400, Current Mhz: 2400, Mhz Limit: 2400
Processor Information for processor 1
  Max Mhz: 2400, Current Mhz: 2400, Mhz Limit: 2400
Processor Information for processor 2
  Max Mhz: 2400, Current Mhz: 2400, Mhz Limit: 2400
Processor Information for processor 3
  Max Mhz: 2400, Current Mhz: 2400, Mhz Limit: 2400
Processor Information for processor 4
  Max Mhz: 2400, Current Mhz: 2400, Mhz Limit: 2400
Processor Information for processor 5
  Max Mhz: 2400, Current Mhz: 2400, Mhz Limit: 2400
Processor Information for processor 6
  Max Mhz: 2400, Current Mhz: 2400, Mhz Limit: 2400
Processor Information for processor 7
  Max Mhz: 2400, Current Mhz: 2400, Mhz Limit: 2400
Processor Information for processor 8
  Max Mhz: 2400, Current Mhz: 1466, Mhz Limit: 2400
Processor Information for processor 9
  Max Mhz: 2400, Current Mhz: 1466, Mhz Limit: 2400
Processor Information for processor 10
  Max Mhz: 2400, Current Mhz: 1466, Mhz Limit: 2400
Processor Information for processor 11
  Max Mhz: 2400, Current Mhz: 1466, Mhz Limit: 2400

Memory: 4k page, system-wide physical 12063M (3077M free)
TotalPageFile size 16031M (AvailPageFile size 2304M)
current process WorkingSet (physical memory assigned to process): 135M, peak: 136M
current process commit charge ("private bytes"): 377M, peak: 378M

vm_info: OpenJDK 64-Bit Server VM (21.0.7+6-LTS) for windows-amd64 JRE (21.0.7+6-LTS), built on 2025-04-15T00:00:00Z by "admin" with MS VC++ 17.7 (VS2022)

END.
